2018-05-17 13:42:59-main--INFO -com.ctaf.accelerators.TestEngine:Starting browser : Android
2018-05-17 13:43:29-main--INFO -com.ctaf.accelerators.TestEngine:Current Test : TC_11_AnonymousOneAdultOneChildOneInfantPartCordShare
2018-05-17 14:40:11-main--INFO -com.ctaf.accelerators.TestEngine:Starting browser : Android
2018-05-17 14:40:36-main--INFO -com.ctaf.accelerators.TestEngine:Current Test : TC_11_AnonymousOneAdultOneChildOneInfantPartCordShare
2018-05-17 14:42:23-main--INFO -com.ctaf.accelerators.TestEngine:Starting browser : Android
2018-05-17 14:42:46-main--INFO -com.ctaf.accelerators.TestEngine:Current Test : TC_11_AnonymousOneAdultOneChildOneInfantPartCordShare
2018-05-17 14:51:51-main--INFO -com.ctaf.accelerators.TestEngine:Starting browser : Android
2018-05-17 14:52:14-main--INFO -com.ctaf.accelerators.TestEngine:Current Test : TC_11_AnonymousOneAdultOneChildOneInfantPartCordShare
2018-05-17 14:55:33-main--INFO -com.ctaf.accelerators.TestEngine:Starting browser : Android
2018-05-17 14:55:56-main--INFO -com.ctaf.accelerators.TestEngine:Current Test : TC_10_AnonymousOneAdultOneChildFlexCordShare
2018-05-17 14:56:19-main--INFO -com.ctaf.accelerators.TestEngine: Able to get TscreenShot
2018-05-17 14:56:57-main--INFO -com.ctaf.accelerators.TestEngine:Starting browser : Android
2018-05-17 14:57:19-main--INFO -com.ctaf.accelerators.TestEngine:Current Test : TC_10_AnonymousOneAdultOneChildFlexCordShare
2018-05-17 15:00:07-main--INFO -com.ctaf.accelerators.TestEngine:Starting browser : Android
2018-05-17 15:00:31-main--INFO -com.ctaf.accelerators.TestEngine:Current Test : TC_10_AnonymousOneAdultOneChildFlexCordShare
2018-05-21 17:33:19-main--INFO -com.ctaf.accelerators.TestEngine:Android
2018-05-21 17:34:10-main--INFO -com.ctaf.accelerators.TestEngine:Current Test : TC_2a_oneWayDomesticBusinessCC
2018-05-21 18:05:18-main--INFO -com.ctaf.accelerators.TestEngine:Android
2018-05-21 18:05:39-main--INFO -com.ctaf.accelerators.TestEngine:Current Test : TC_2a_oneWayDomesticBusinessCC
2018-05-21 18:27:51-main--INFO -com.ctaf.accelerators.TestEngine:Android
2018-05-21 18:30:42-main--INFO -com.ctaf.accelerators.TestEngine:Current Test : TC_2a_oneWayDomesticBusinessCC
2018-05-21 18:54:12-main--INFO -com.ctaf.accelerators.TestEngine:Android
2018-05-21 18:54:51-main--INFO -com.ctaf.accelerators.TestEngine:Android
2018-05-21 18:55:19-main--INFO -com.ctaf.accelerators.TestEngine:Current Test : TC_2a_oneWayDomesticBusinessCC
2018-05-21 18:59:41-main--INFO -com.ctaf.accelerators.TestEngine: Able to get TscreenShot
2018-05-21 19:05:08-main--INFO -com.ctaf.accelerators.TestEngine:Android
2018-05-21 19:16:07-main--INFO -com.ctaf.accelerators.TestEngine:Android
2018-05-21 19:16:39-main--INFO -com.ctaf.accelerators.TestEngine:Android
2018-05-21 19:17:18-main--INFO -com.ctaf.accelerators.TestEngine:Current Test : TC_2a_oneWayDomesticBusinessCC
2018-05-21 19:25:21-main--INFO -com.ctaf.accelerators.TestEngine:Android
2018-05-21 19:25:47-main--INFO -com.ctaf.accelerators.TestEngine:Android
2018-05-21 19:26:56-main--INFO -com.ctaf.accelerators.TestEngine:Current Test : TC_2a_oneWayDomesticBusinessCC
2018-05-21 19:32:31-main--INFO -com.ctaf.accelerators.TestEngine:Current Test : TC_02_b_oneWayDomesticBusiness1AdultCC
2018-05-21 19:33:00-Forwarding screenshot on session 26dce3c2-e7f5-4e1a-ba49-bf648255d965 to remote--INFO -org.apache.http.impl.execchain.RetryExec:I/O exception (org.apache.http.NoHttpResponseException) caught when processing request to {}->http://127.0.0.1:4723: The target server failed to respond
2018-05-21 19:33:00-Forwarding screenshot on session 26dce3c2-e7f5-4e1a-ba49-bf648255d965 to remote--INFO -org.apache.http.impl.execchain.RetryExec:Retrying request to {}->http://127.0.0.1:4723
2018-05-21 19:37:21-main--INFO -com.ctaf.accelerators.TestEngine:Android
2018-05-21 19:37:50-main--INFO -com.ctaf.accelerators.TestEngine:Android
2018-05-21 19:38:15-main--INFO -com.ctaf.accelerators.TestEngine:Current Test : TC_2a_oneWayDomesticBusinessCC
2018-05-21 19:45:10-main--INFO -com.ctaf.accelerators.TestEngine:Android
2018-05-21 19:45:42-main--INFO -com.ctaf.accelerators.TestEngine:Android
2018-05-21 19:46:07-main--INFO -com.ctaf.accelerators.TestEngine:Current Test : TC_2a_oneWayDomesticBusinessCC
2018-05-21 19:59:25-main--INFO -com.ctaf.accelerators.TestEngine:Current Test : TC_02_b_oneWayDomesticBusiness1AdultCC
