2018-01-18 12:56:57-main--INFO -com.ctaf.accelerators.TestEngine:Android
2018-01-18 12:57:48-main--INFO -com.ctaf.accelerators.TestEngine:Android
2018-01-18 12:58:07-main--INFO -com.ctaf.accelerators.TestEngine:Current Test : TC_01_a_memberRegistration
2018-01-18 13:00:41-main--INFO -com.ctaf.accelerators.TestEngine: Able to get TscreenShot
2018-01-18 13:00:45-main--INFO -com.ctaf.accelerators.TestEngine:Current Test : TC_01_b_verifyRegistrationFailurewithExistingEmailID
2018-01-18 13:03:21-main--INFO -com.ctaf.accelerators.TestEngine: Able to get TscreenShot
2018-01-18 13:03:25-main--INFO -com.ctaf.accelerators.TestEngine:Current Test : TC_01_c_verifyChildRegistrationNbookingFailure
2018-01-18 13:06:31-main--INFO -com.ctaf.accelerators.TestEngine: Able to get TscreenShot
2018-01-18 13:06:36-main--INFO -com.ctaf.accelerators.TestEngine:Current Test : TC_01_d_UpdateProfiledetails
2018-01-18 13:08:11-main--INFO -com.ctaf.accelerators.TestEngine: Able to get TscreenShot
2018-01-18 13:08:16-main--INFO -com.ctaf.accelerators.TestEngine:Current Test : TC_01_e_VerifyAccLockOn10IncorrectPswdEntries
2018-01-18 13:11:42-main--INFO -com.ctaf.accelerators.TestEngine: Able to get TscreenShot
2018-01-18 13:11:46-main--INFO -com.ctaf.accelerators.TestEngine:Current Test : TC_01_f_UpdatePasswordInProfile
2018-01-18 13:13:21-main--INFO -com.ctaf.accelerators.TestEngine: Able to get TscreenShot
2018-01-18 13:13:25-main--INFO -com.ctaf.accelerators.TestEngine:Current Test : TC_2a_oneWayDomesticBusinessCC
2018-01-18 13:15:12-main--INFO -com.ctaf.accelerators.TestEngine: Able to get TscreenShot
2018-01-18 13:15:17-main--INFO -com.ctaf.accelerators.TestEngine:Current Test : TC_02_b_oneWayDomesticBusiness1AdultCC
2018-01-18 13:17:03-main--INFO -com.ctaf.accelerators.TestEngine: Able to get TscreenShot
2018-01-18 13:17:08-main--INFO -com.ctaf.accelerators.TestEngine:Current Test : TC_02_c_RTDomesticSimple1AdultCC
2018-01-18 13:18:43-main--INFO -com.ctaf.accelerators.TestEngine: Able to get TscreenShot
2018-01-18 13:18:47-main--INFO -com.ctaf.accelerators.TestEngine:Current Test : TC_02_d_RTDomesticBusiness1AdultCC
2018-01-18 13:20:23-main--INFO -com.ctaf.accelerators.TestEngine: Able to get TscreenShot
2018-01-18 13:20:27-main--INFO -com.ctaf.accelerators.TestEngine:Current Test : TC_02_d_RTDomesticBusiness1AdultCC
2018-01-18 13:22:13-main--INFO -com.ctaf.accelerators.TestEngine: Able to get TscreenShot
2018-01-18 13:22:18-main--INFO -com.ctaf.accelerators.TestEngine:Current Test : TC_02_d_RTDomesticBusiness1AdultCC
2018-01-18 13:24:06-main--INFO -com.ctaf.accelerators.TestEngine: Able to get TscreenShot
2018-01-18 13:24:10-main--INFO -com.ctaf.accelerators.TestEngine:Current Test : TC0_2g_oneWayDomesticEcoSADAD
2018-01-18 13:26:00-main--INFO -com.ctaf.accelerators.TestEngine: Able to get TscreenShot
2018-01-18 13:26:05-main--INFO -com.ctaf.accelerators.TestEngine:Current Test : TC_3a_AnonymousOneWayDomesticSimpleChangeDate
2018-01-18 13:31:52-main--INFO -com.ctaf.accelerators.TestEngine: Able to get TscreenShot
2018-01-18 13:31:55-main--INFO -com.ctaf.accelerators.TestEngine: Able to get TscreenShot
2018-01-18 13:32:00-main--INFO -com.ctaf.accelerators.TestEngine:Current Test : TC_03b_AnonymousOneWayDomesticSimpleChangeDate
2018-01-18 13:37:55-main--INFO -com.ctaf.accelerators.TestEngine: Able to get TscreenShot
2018-01-18 13:37:59-main--INFO -com.ctaf.accelerators.TestEngine: Able to get TscreenShot
2018-01-18 13:38:04-main--INFO -com.ctaf.accelerators.TestEngine:Current Test : TC_4a_AnonymousOneWayDomOneAdultCheckin
2018-01-18 13:44:25-main--INFO -com.ctaf.accelerators.TestEngine: Able to get TscreenShot
2018-01-18 13:44:27-main--INFO -com.ctaf.accelerators.TestEngine: Able to get TscreenShot
2018-01-18 13:44:32-main--INFO -com.ctaf.accelerators.TestEngine:Current Test : TC04b_RtIntlOneAdultCheckinFail
2018-01-18 13:46:19-main--INFO -com.ctaf.accelerators.TestEngine: Able to get TscreenShot
2018-01-18 13:46:24-main--INFO -com.ctaf.accelerators.TestEngine:Current Test : TC_04_c_AnonymousOneWayIntlSimpleIntlMultiPaxCheckinFail
2018-01-18 13:53:24-main--INFO -com.ctaf.accelerators.TestEngine: Able to get TscreenShot
2018-01-18 13:53:27-main--INFO -com.ctaf.accelerators.TestEngine: Able to get TscreenShot
2018-01-18 13:53:32-main--INFO -com.ctaf.accelerators.TestEngine:Current Test : TC0_4_d_AnonymousOneWayIntlExtraIntlMultiPaxCheckinFail2
2018-01-18 14:00:40-main--INFO -com.ctaf.accelerators.TestEngine: Able to get TscreenShot
2018-01-18 14:00:43-main--INFO -com.ctaf.accelerators.TestEngine: Able to get TscreenShot
2018-01-18 14:00:48-main--INFO -com.ctaf.accelerators.TestEngine:Current Test : TC0_4_e_AnonymousOneWayIntlBusinessIntlMultiPaxCheckinFail
2018-01-18 14:07:32-main--INFO -com.ctaf.accelerators.TestEngine: Able to get TscreenShot
2018-01-18 14:07:35-main--INFO -com.ctaf.accelerators.TestEngine: Able to get TscreenShot
2018-01-18 14:07:40-main--INFO -com.ctaf.accelerators.TestEngine:Current Test : TC_05_AnonymousOneWayDomNineAdultCheckin
2018-01-18 14:19:43-main--INFO -com.ctaf.accelerators.TestEngine: Able to get TscreenShot
2018-01-18 14:19:48-main--INFO -com.ctaf.accelerators.TestEngine:Current Test : TC_06_AnonymousOneWayInterTwoAdultEco
2018-01-18 14:27:02-main--INFO -com.ctaf.accelerators.TestEngine: Able to get TscreenShot
2018-01-18 14:27:05-main--INFO -com.ctaf.accelerators.TestEngine: Able to get TscreenShot
2018-01-18 14:27:10-main--INFO -com.ctaf.accelerators.TestEngine:Current Test : TC_07_AnonymousRoundTripDomFourAdultBusiness
2018-01-18 14:27:47-main--INFO -com.ctaf.accelerators.TestEngine: Able to get TscreenShot
2018-01-18 14:27:51-main--INFO -com.ctaf.accelerators.TestEngine:Current Test : TC_08_AnonymousRTInt1ad1Ch1InBusExtra
2018-01-18 14:28:28-main--INFO -com.ctaf.accelerators.TestEngine: Able to get TscreenShot
2018-01-18 14:28:33-main--INFO -com.ctaf.accelerators.TestEngine:Current Test : TC_09_AnonymousRTInt1ad1Ch1InEcoExtras
2018-01-18 15:35:32-main--INFO -com.ctaf.accelerators.TestEngine:Starting browser : Android
2018-01-18 15:35:57-main--INFO -com.ctaf.accelerators.TestEngine:Current Test : TC_01_b_verifyRegistrationFailurewithExistingEmailID
2018-01-18 15:50:50-main--INFO -com.ctaf.accelerators.TestEngine:Starting browser : Android
2018-01-18 15:51:08-main--INFO -com.ctaf.accelerators.TestEngine:Current Test : TC_2a_oneWayDomesticBusinessCC
2018-01-18 15:52:57-main--INFO -com.ctaf.accelerators.TestEngine: Able to get TscreenShot
2018-01-18 15:53:37-main--INFO -com.ctaf.accelerators.TestEngine:Starting browser : Android
2018-01-18 15:53:56-main--INFO -com.ctaf.accelerators.TestEngine:Current Test : TC_2a_oneWayDomesticBusinessCC
